[debug] [2020-09-16T13:26:07.572Z] ----------------------------------------------------------------------
[debug] [2020-09-16T13:26:07.573Z] Command:       C:\Program Files\nodejs\node.exe C:\Users\firos\AppData\Roaming\npm\node_modules\firebase-tools\lib\bin\firebase.js emulators:start
[debug] [2020-09-16T13:26:07.574Z] CLI Version:   8.6.0
[debug] [2020-09-16T13:26:07.574Z] Platform:      win32
[debug] [2020-09-16T13:26:07.574Z] Node Version:  v12.16.3
[debug] [2020-09-16T13:26:07.575Z] Time:          Wed Sep 16 2020 14:26:07 GMT+0100 (Irish Standard Time)
[debug] [2020-09-16T13:26:07.575Z] ----------------------------------------------------------------------
[debug] [2020-09-16T13:26:07.575Z] 
[debug] [2020-09-16T13:26:07.585Z] > command requires scopes: ["email","openid","https://www.googleapis.com/auth/cloudplatformprojects.readonly","https://www.googleapis.com/auth/firebase","https://www.googleapis.com/auth/cloud-platform"]
[debug] [2020-09-16T13:26:07.585Z] > authorizing via signed-in user
[info] i  emulators: Starting emulators: functions, hosting {"metadata":{"emulator":{"name":"hub"},"message":"Starting emulators: functions, hosting"}}
[debug] [2020-09-16T13:26:09.611Z] [hub] writing locator at C:\Users\firos\AppData\Local\Temp\hub-stripe-6e2ac.json
[debug] [2020-09-16T13:26:11.620Z] defaultcredentials: writing to file C:\Users\firos\AppData\Roaming\firebase\elvinaspaskauskas_gmail_com_application_default_credentials.json
[debug] [2020-09-16T13:26:11.621Z] Setting GAC to C:\Users\firos\AppData\Roaming\firebase\elvinaspaskauskas_gmail_com_application_default_credentials.json {"metadata":{"emulator":{"name":"functions"},"message":"Setting GAC to C:\\Users\\firos\\AppData\\Roaming\\firebase\\elvinaspaskauskas_gmail_com_application_default_credentials.json"}}
[warn] !  functions: The following emulators are not running, calls to these services from the Functions emulator will affect production: firestore, database, pubsub {"metadata":{"emulator":{"name":"functions"},"message":"The following emulators are not running, calls to these services from the Functions emulator will affect production: \u001b[1mfirestore, database, pubsub\u001b[22m"}}
[warn] !  Your requested "node" version "10" doesn't match your global version "12" {"metadata":{"emulator":{"name":"functions"},"message":"Your requested \"node\" version \"10\" doesn't match your global version \"12\""}}
[debug] [2020-09-16T13:26:13.641Z] > refreshing access token with scopes: ["email","https://www.googleapis.com/auth/cloud-platform","https://www.googleapis.com/auth/cloudplatformprojects.readonly","https://www.googleapis.com/auth/firebase","openid"]
[debug] [2020-09-16T13:26:13.641Z] >>> HTTP REQUEST POST https://www.googleapis.com/oauth2/v3/token  
 <request body omitted>
[debug] [2020-09-16T13:26:13.772Z] <<< HTTP RESPONSE 200 {"content-type":"application/json; charset=utf-8","vary":"X-Origin, Referer, Origin,Accept-Encoding","date":"Wed, 16 Sep 2020 13:26:13 GMT","server":"scaffolding on HTTPServer2","cache-control":"private","x-xss-protection":"0","x-frame-options":"SAMEORIGIN","x-content-type-options":"nosniff","alt-svc":"h3-29=\":443\"; ma=2592000,h3-27=\":443\"; ma=2592000,h3-T051=\":443\"; ma=2592000,h3-T050=\":443\"; ma=2592000,h3-Q050=\":443\"; ma=2592000,h3-Q046=\":443\"; ma=2592000,h3-Q043=\":443\"; ma=2592000,quic=\":443\"; ma=2592000; v=\"46,43\"","accept-ranges":"none","transfer-encoding":"chunked"}
[debug] [2020-09-16T13:26:13.779Z] >>> HTTP REQUEST GET https://firebase.googleapis.com/v1beta1/projects/stripe-6e2ac/webApps/-/config  
 
[debug] [2020-09-16T13:26:14.670Z] <<< HTTP RESPONSE 200 {"content-type":"application/json; charset=UTF-8","vary":"X-Origin, Referer, Origin,Accept-Encoding","date":"Wed, 16 Sep 2020 13:26:14 GMT","server":"ESF","cache-control":"private","x-xss-protection":"0","x-frame-options":"SAMEORIGIN","x-content-type-options":"nosniff","alt-svc":"h3-29=\":443\"; ma=2592000,h3-27=\":443\"; ma=2592000,h3-T051=\":443\"; ma=2592000,h3-T050=\":443\"; ma=2592000,h3-Q050=\":443\"; ma=2592000,h3-Q046=\":443\"; ma=2592000,h3-Q043=\":443\"; ma=2592000,quic=\":443\"; ma=2592000; v=\"46,43\"","accept-ranges":"none","transfer-encoding":"chunked"}
[info] i  hosting: Serving hosting files from: build {"metadata":{"emulator":{"name":"hosting"},"message":"Serving hosting files from: \u001b[1mbuild\u001b[22m"}}
[info] +  hosting: Local server: http://localhost:5000 {"metadata":{"emulator":{"name":"hosting"},"message":"Local server: \u001b[4m\u001b[1mhttp://localhost:5000\u001b[22m\u001b[24m"}}
[debug] [2020-09-16T13:26:18.720Z] Ignoring unsupported arg: auto_download {"metadata":{"emulator":{"name":"ui"},"message":"Ignoring unsupported arg: auto_download"}}
[debug] [2020-09-16T13:26:18.720Z] Ignoring unsupported arg: port {"metadata":{"emulator":{"name":"ui"},"message":"Ignoring unsupported arg: port"}}
[debug] [2020-09-16T13:26:18.720Z] Starting Emulator UI with command {"binary":"node","args":["C:\\Users\\firos\\.cache\\firebase\\emulators\\ui-v1.1.1\\server.bundle.js"],"optionalArgs":[],"joinArgs":false} {"metadata":{"emulator":{"name":"ui"},"message":"Starting Emulator UI with command {\"binary\":\"node\",\"args\":[\"C:\\\\Users\\\\firos\\\\.cache\\\\firebase\\\\emulators\\\\ui-v1.1.1\\\\server.bundle.js\"],\"optionalArgs\":[],\"joinArgs\":false}"}}
[info] i  ui: Emulator UI logging to ui-debug.log {"metadata":{"emulator":{"name":"ui"},"message":"Emulator UI logging to \u001b[1mui-debug.log\u001b[22m"}}
[debug] [2020-09-16T13:26:18.981Z] Web / API server started at http://localhost:4000
 {"metadata":{"emulator":{"name":"ui"},"message":"Web / API server started at http://localhost:4000\n"}}
[info] i  functions: Watching "D:\stripe\stripe\functions" for Cloud Functions... {"metadata":{"emulator":{"name":"functions"},"message":"Watching \"D:\\stripe\\stripe\\functions\" for Cloud Functions..."}}
[debug] [2020-09-16T13:26:19.527Z] [worker-pool] addWorker(~diagnostic~) {"metadata":{"emulator":{"name":"functions"},"message":"[worker-pool] addWorker(~diagnostic~)"}}
[debug] [2020-09-16T13:26:19.527Z] [worker-pool] Adding worker with key ~diagnostic~, total=1 {"metadata":{"emulator":{"name":"functions"},"message":"[worker-pool] Adding worker with key ~diagnostic~, total=1"}}
[debug] [2020-09-16T13:26:19.527Z] [worker-pool] submitWork(triggerId=) {"metadata":{"emulator":{"name":"functions"},"message":"[worker-pool] submitWork(triggerId=)"}}
[debug] [2020-09-16T13:26:19.528Z] [worker-~diagnostic~-66494ecf-f11e-4394-bb6c-3b490b8d16a3]: Assigning socketPath: \\?\pipe\D:\stripe\stripe\functions\19176 {"metadata":{"emulator":{"name":"functions"},"message":"[worker-~diagnostic~-66494ecf-f11e-4394-bb6c-3b490b8d16a3]: Assigning socketPath: \\\\?\\pipe\\D:\\stripe\\stripe\\functions\\19176"}}
[debug] [2020-09-16T13:26:19.528Z] [worker-~diagnostic~-66494ecf-f11e-4394-bb6c-3b490b8d16a3]: BUSY {"metadata":{"emulator":{"name":"functions"},"message":"[worker-~diagnostic~-66494ecf-f11e-4394-bb6c-3b490b8d16a3]: BUSY"}}
